<?xml version="1.0" encoding="UTF-8"?>
<testng-results ignored="0" total="5" passed="5" failed="0" skipped="0">
  <reporter-output>
  </reporter-output>
  <suite started-at="2023-12-06T21:52:08 EST" name="Default suite" finished-at="2023-12-06T21:53:09 EST" duration-ms="61860">
    <groups>
      <group name="cucumber">
        <method signature="AbstractTestNGCucumberTests.runScenario(io.cucumber.testng.PickleWrapper,io.cucumber.testng.FeatureWrapper)[pri:0, instance:runner.TestRunner@11392934]" name="runScenario" class="io.cucumber.testng.AbstractTestNGCucumberTests"/>
      </group> <!-- cucumber -->
    </groups>
    <test started-at="2023-12-06T21:52:08 EST" name="Default test" finished-at="2023-12-06T21:53:09 EST" duration-ms="61860">
      <class name="runner.TestRunner">
        <test-method is-config="true" signature="setUpClass(org.testng.ITestContext)[pri:0, instance:runner.TestRunner@11392934]" started-at="2023-12-06T21:52:08 EST" name="setUpClass" finished-at="2023-12-06T21:52:08 EST" duration-ms="241" status="PASS">
          <params>
            <param index="0">
              <value>
                <![CDATA[org.testng.TestRunner@60cf62ad]]>
              </value>
            </param>
          </params>
          <reporter-output>
          </reporter-output>
        </test-method> <!-- setUpClass -->
        <test-method signature="runScenario(io.cucumber.testng.PickleWrapper,io.cucumber.testng.FeatureWrapper)[pri:0, instance:runner.TestRunner@11392934]" started-at="2023-12-06T21:52:08 EST" name="runScenario" description="Runs Cucumber Scenarios" data-provider="scenarios" finished-at="2023-12-06T21:52:22 EST" duration-ms="13934" status="PASS">
          <params>
            <param index="0">
              <value>
                <![CDATA["Validate the checkout"]]>
              </value>
            </param>
            <param index="1">
              <value>
                <![CDATA["Verify checkout functionality"]]>
              </value>
            </param>
          </params>
          <reporter-output>
          </reporter-output>
        </test-method> <!-- runScenario -->
        <test-method signature="runScenario(io.cucumber.testng.PickleWrapper,io.cucumber.testng.FeatureWrapper)[pri:0, instance:runner.TestRunner@11392934]" started-at="2023-12-06T21:52:22 EST" name="runScenario" description="Runs Cucumber Scenarios" data-provider="scenarios" finished-at="2023-12-06T21:52:34 EST" duration-ms="12370" status="PASS">
          <params>
            <param index="0">
              <value>
                <![CDATA["Validate continue shopping button"]]>
              </value>
            </param>
            <param index="1">
              <value>
                <![CDATA["Verify checkout functionality"]]>
              </value>
            </param>
          </params>
          <reporter-output>
          </reporter-output>
        </test-method> <!-- runScenario -->
        <test-method signature="runScenario(io.cucumber.testng.PickleWrapper,io.cucumber.testng.FeatureWrapper)[pri:0, instance:runner.TestRunner@11392934]" started-at="2023-12-06T21:52:34 EST" name="runScenario" description="Runs Cucumber Scenarios" data-provider="scenarios" finished-at="2023-12-06T21:52:45 EST" duration-ms="11231" status="PASS">
          <params>
            <param index="0">
              <value>
                <![CDATA["Validate the checkout button after adding all items"]]>
              </value>
            </param>
            <param index="1">
              <value>
                <![CDATA["Verify second checkout functionality"]]>
              </value>
            </param>
          </params>
          <reporter-output>
          </reporter-output>
        </test-method> <!-- runScenario -->
        <test-method signature="runScenario(io.cucumber.testng.PickleWrapper,io.cucumber.testng.FeatureWrapper)[pri:0, instance:runner.TestRunner@11392934]" started-at="2023-12-06T21:52:45 EST" name="runScenario" description="Runs Cucumber Scenarios" data-provider="scenarios" finished-at="2023-12-06T21:52:56 EST" duration-ms="10394" status="PASS">
          <params>
            <param index="0">
              <value>
                <![CDATA["Validate Remove button"]]>
              </value>
            </param>
            <param index="1">
              <value>
                <![CDATA["Verify second checkout functionality"]]>
              </value>
            </param>
          </params>
          <reporter-output>
          </reporter-output>
        </test-method> <!-- runScenario -->
        <test-method signature="runScenario(io.cucumber.testng.PickleWrapper,io.cucumber.testng.FeatureWrapper)[pri:0, instance:runner.TestRunner@11392934]" started-at="2023-12-06T21:52:56 EST" name="runScenario" description="Runs Cucumber Scenarios" data-provider="scenarios" finished-at="2023-12-06T21:53:09 EST" duration-ms="13578" status="PASS">
          <params>
            <param index="0">
              <value>
                <![CDATA["Validate final checkout button"]]>
              </value>
            </param>
            <param index="1">
              <value>
                <![CDATA["Verify second checkout functionality"]]>
              </value>
            </param>
          </params>
          <reporter-output>
          </reporter-output>
        </test-method> <!-- runScenario -->
        <test-method is-config="true" signature="tearDownClass()[pri:0, instance:runner.TestRunner@11392934]" started-at="2023-12-06T21:53:09 EST" name="tearDownClass" finished-at="2023-12-06T21:53:09 EST" duration-ms="14" status="PASS">
          <reporter-output>
          </reporter-output>
        </test-method> <!-- tearDownClass -->
      </class> <!-- runner.TestRunner -->
    </test> <!-- Default test -->
  </suite> <!-- Default suite -->
</testng-results>
